mode: set
github.com/leandrobraga/testing-course-golang/webapp/cmd/web/handlers.go:11.70,13.2 1 1
github.com/leandrobraga/testing-course-golang/webapp/cmd/web/handlers.go:20.108,22.16 2 1
github.com/leandrobraga/testing-course-golang/webapp/cmd/web/handlers.go:22.16,25.3 2 0
github.com/leandrobraga/testing-course-golang/webapp/cmd/web/handlers.go:27.2,28.16 2 1
github.com/leandrobraga/testing-course-golang/webapp/cmd/web/handlers.go:28.16,30.3 1 0
github.com/leandrobraga/testing-course-golang/webapp/cmd/web/handlers.go:31.2,31.12 1 1
github.com/leandrobraga/testing-course-golang/webapp/cmd/web/main.go:10.13,18.16 5 0
github.com/leandrobraga/testing-course-golang/webapp/cmd/web/main.go:18.16,20.3 1 0
github.com/leandrobraga/testing-course-golang/webapp/cmd/web/routes.go:10.47,21.2 6 1
